
  .   ____          _            __ _ _
 /\\ / ___'_ __ _ _(_)_ __  __ _ \ \ \ \
( ( )\___ | '_ | '_| | '_ \/ _` | \ \ \ \
 \\/  ___)| |_)| | | | | || (_| |  ) ) ) )
  '  |____| .__|_| |_|_| |_\__, | / / / /
 =========|_|==============|___/=/_/_/_/
 :: Spring Boot ::                (v3.2.3)

2026-03-18T16:02:38.869+05:30  INFO 648889 --- [analytics-service] [           main] c.d.a.AnalyticsServiceApplication        : Starting AnalyticsServiceApplication v1.0.0-SNAPSHOT using Java 21.0.10 with PID 648889 (/media/snake/NewVolume/ACA/sem7/CO528/mini project/new/uop-decp-microservices/backend/analytics-service/target/analytics-service-1.0.0-SNAPSHOT.jar started by snake in /media/snake/NewVolume/ACA/sem7/CO528/mini project/new/uop-decp-microservices)
2026-03-18T16:02:38.878+05:30  INFO 648889 --- [analytics-service] [           main] c.d.a.AnalyticsServiceApplication        : No active profile set, falling back to 1 default profile: "default"
2026-03-18T16:02:43.447+05:30  INFO 648889 --- [analytics-service] [           main] .s.d.r.c.RepositoryConfigurationDelegate : Multiple Spring Data modules found, entering strict repository configuration mode
2026-03-18T16:02:43.463+05:30  INFO 648889 --- [analytics-service] [           main] .s.d.r.c.RepositoryConfigurationDelegate : Bootstrapping Spring Data JPA repositories in DEFAULT mode.
2026-03-18T16:02:44.247+05:30  INFO 648889 --- [analytics-service] [           main] .s.d.r.c.RepositoryConfigurationDelegate : Finished Spring Data repository scanning in 741 ms. Found 3 JPA repository interfaces.
2026-03-18T16:02:44.341+05:30  INFO 648889 --- [analytics-service] [           main] .s.d.r.c.RepositoryConfigurationDelegate : Multiple Spring Data modules found, entering strict repository configuration mode
2026-03-18T16:02:44.348+05:30  INFO 648889 --- [analytics-service] [           main] .s.d.r.c.RepositoryConfigurationDelegate : Bootstrapping Spring Data Redis repositories in DEFAULT mode.
2026-03-18T16:02:44.419+05:30  INFO 648889 --- [analytics-service] [           main] .RepositoryConfigurationExtensionSupport : Spring Data Redis - Could not safely identify store assignment for repository candidate interface com.decp.analytics.repository.AnalyticsSnapshotRepository; If you want this repository to be a Redis repository, consider annotating your entities with one of these annotations: org.springframework.data.redis.core.RedisHash (preferred), or consider extending one of the following types with your repository: org.springframework.data.keyvalue.repository.KeyValueRepository
2026-03-18T16:02:44.420+05:30  INFO 648889 --- [analytics-service] [           main] .RepositoryConfigurationExtensionSupport : Spring Data Redis - Could not safely identify store assignment for repository candidate interface com.decp.analytics.repository.PostMetricRepository; If you want this repository to be a Redis repository, consider annotating your entities with one of these annotations: org.springframework.data.redis.core.RedisHash (preferred), or consider extending one of the following types with your repository: org.springframework.data.keyvalue.repository.KeyValueRepository
2026-03-18T16:02:44.422+05:30  INFO 648889 --- [analytics-service] [           main] .RepositoryConfigurationExtensionSupport : Spring Data Redis - Could not safely identify store assignment for repository candidate interface com.decp.analytics.repository.UserMetricRepository; If you want this repository to be a Redis repository, consider annotating your entities with one of these annotations: org.springframework.data.redis.core.RedisHash (preferred), or consider extending one of the following types with your repository: org.springframework.data.keyvalue.repository.KeyValueRepository
2026-03-18T16:02:44.422+05:30  INFO 648889 --- [analytics-service] [           main] .s.d.r.c.RepositoryConfigurationDelegate : Finished Spring Data repository scanning in 30 ms. Found 0 Redis repository interfaces.
2026-03-18T16:02:47.075+05:30  INFO 648889 --- [analytics-service] [           main] o.s.b.w.embedded.tomcat.TomcatWebServer  : Tomcat initialized with port 8089 (http)
2026-03-18T16:02:47.120+05:30  INFO 648889 --- [analytics-service] [           main] o.apache.catalina.core.StandardService   : Starting service [Tomcat]
2026-03-18T16:02:47.120+05:30  INFO 648889 --- [analytics-service] [           main] o.apache.catalina.core.StandardEngine    : Starting Servlet engine: [Apache Tomcat/10.1.19]
2026-03-18T16:02:47.287+05:30  INFO 648889 --- [analytics-service] [           main] o.a.c.c.C.[Tomcat].[localhost].[/]       : Initializing Spring embedded WebApplicationContext
2026-03-18T16:02:47.289+05:30  INFO 648889 --- [analytics-service] [           main] w.s.c.ServletWebServerApplicationContext : Root WebApplicationContext: initialization completed in 8106 ms
2026-03-18T16:02:47.979+05:30  INFO 648889 --- [analytics-service] [           main] o.hibernate.jpa.internal.util.LogHelper  : HHH000204: Processing PersistenceUnitInfo [name: default]
2026-03-18T16:02:48.298+05:30  INFO 648889 --- [analytics-service] [           main] org.hibernate.Version                    : HHH000412: Hibernate ORM core version 6.4.4.Final
2026-03-18T16:02:48.570+05:30  INFO 648889 --- [analytics-service] [           main] o.h.c.internal.RegionFactoryInitiator    : HHH000026: Second-level cache disabled
2026-03-18T16:02:49.588+05:30  INFO 648889 --- [analytics-service] [           main] o.s.o.j.p.SpringPersistenceUnitInfo      : No LoadTimeWeaver setup: ignoring JPA class transformer
2026-03-18T16:02:49.657+05:30  INFO 648889 --- [analytics-service] [           main] com.zaxxer.hikari.HikariDataSource       : HikariPool-1 - Starting...
2026-03-18T16:02:50.216+05:30  INFO 648889 --- [analytics-service] [           main] com.zaxxer.hikari.pool.HikariPool        : HikariPool-1 - Added connection org.postgresql.jdbc.PgConnection@7717b4a0
2026-03-18T16:02:50.219+05:30  INFO 648889 --- [analytics-service] [           main] com.zaxxer.hikari.HikariDataSource       : HikariPool-1 - Start completed.
2026-03-18T16:02:50.308+05:30  WARN 648889 --- [analytics-service] [           main] org.hibernate.orm.deprecation            : HHH90000025: PostgreSQLDialect does not need to be specified explicitly using 'hibernate.dialect' (remove the property setting and it will be selected by default)
2026-03-18T16:02:52.373+05:30  INFO 648889 --- [analytics-service] [           main] o.h.e.t.j.p.i.JtaPlatformInitiator       : HHH000489: No JTA platform available (set 'hibernate.transaction.jta.platform' to enable JTA platform integration)
2026-03-18T16:02:52.505+05:30  INFO 648889 --- [analytics-service] [           main] j.LocalContainerEntityManagerFactoryBean : Initialized JPA EntityManagerFactory for persistence unit 'default'
2026-03-18T16:02:54.022+05:30  INFO 648889 --- [analytics-service] [           main] o.s.d.j.r.query.QueryEnhancerFactory     : Hibernate is in classpath; If applicable, HQL parser will be used.
2026-03-18T16:02:54.778+05:30  WARN 648889 --- [analytics-service] [           main] JpaBaseConfiguration$JpaWebConfiguration : spring.jpa.open-in-view is enabled by default. Therefore, database queries may be performed during view rendering. Explicitly configure spring.jpa.open-in-view to disable this warning
2026-03-18T16:02:55.511+05:30  INFO 648889 --- [analytics-service] [           main] o.s.b.w.embedded.tomcat.TomcatWebServer  : Tomcat started on port 8089 (http) with context path ''
2026-03-18T16:02:55.517+05:30  INFO 648889 --- [analytics-service] [           main] o.s.a.r.c.CachingConnectionFactory       : Attempting to connect to: [localhost:5672]
2026-03-18T16:02:55.581+05:30  INFO 648889 --- [analytics-service] [           main] o.s.a.r.c.CachingConnectionFactory       : Created new connection: rabbitConnectionFactory#b8f6500:0/SimpleConnection@17d03583 [delegate=amqp://guest@127.0.0.1:5672/, localPort=55518]
2026-03-18T16:02:55.716+05:30  INFO 648889 --- [analytics-service] [           main] c.d.a.AnalyticsServiceApplication        : Started AnalyticsServiceApplication in 19.154 seconds (process running for 22.322)
2026-03-18T16:06:18.418+05:30  INFO 648889 --- [analytics-service] [nio-8089-exec-2] o.a.c.c.C.[Tomcat].[localhost].[/]       : Initializing Spring DispatcherServlet 'dispatcherServlet'
2026-03-18T16:06:18.418+05:30  INFO 648889 --- [analytics-service] [nio-8089-exec-2] o.s.web.servlet.DispatcherServlet        : Initializing Servlet 'dispatcherServlet'
2026-03-18T16:06:18.419+05:30  INFO 648889 --- [analytics-service] [nio-8089-exec-2] o.s.web.servlet.DispatcherServlet        : Completed initialization in 1 ms
2026-03-18T16:07:33.580+05:30  WARN 648889 --- [analytics-service] [ntContainer#0-1] o.s.a.s.c.Jackson2JsonMessageConverter   : Could not convert incoming message with content-type [application/x-java-serialized-object], 'json' keyword missing.
2026-03-18T16:07:33.596+05:30  INFO 648889 --- [analytics-service] [ntContainer#0-1] c.d.a.listener.AnalyticsEventListener    : Analytics: user.registered for userId: (Body:'[serialized object]' MessageProperties [headers={}, contentType=application/x-java-serialized-object, contentLength=0, receivedDeliveryMode=PERSISTENT, priority=0, redelivered=false, receivedExchange=user.exchange, receivedRoutingKey=user.registered, deliveryTag=1, consumerTag=amq.ctag-8pMqTIw0y50r-043yIWddg, consumerQueue=analytics.user.registered])
2026-03-18T16:07:33.864+05:30  WARN 648889 --- [analytics-service] [ntContainer#0-1] c.d.a.listener.AnalyticsEventListener    : Could not parse userId: (Body:'[serialized object]' MessageProperties [headers={}, contentType=application/x-java-serialized-object, contentLength=0, receivedDeliveryMode=PERSISTENT, priority=0, redelivered=false, receivedExchange=user.exchange, receivedRoutingKey=user.registered, deliveryTag=1, consumerTag=amq.ctag-8pMqTIw0y50r-043yIWddg, consumerQueue=analytics.user.registered])
2026-03-18T16:12:39.925+05:30  INFO 648889 --- [analytics-service] [ntContainer#0-2] o.s.a.r.l.SimpleMessageListenerContainer : Waiting for workers to finish.
2026-03-18T16:12:39.927+05:30  INFO 648889 --- [analytics-service] [ntContainer#1-2] o.s.a.r.l.SimpleMessageListenerContainer : Waiting for workers to finish.
2026-03-18T16:12:39.929+05:30  INFO 648889 --- [analytics-service] [ntContainer#2-2] o.s.a.r.l.SimpleMessageListenerContainer : Waiting for workers to finish.
2026-03-18T16:12:39.930+05:30  INFO 648889 --- [analytics-service] [ntContainer#3-2] o.s.a.r.l.SimpleMessageListenerContainer : Waiting for workers to finish.
2026-03-18T16:12:39.931+05:30  INFO 648889 --- [analytics-service] [ntContainer#4-2] o.s.a.r.l.SimpleMessageListenerContainer : Waiting for workers to finish.
2026-03-18T16:12:39.933+05:30  INFO 648889 --- [analytics-service] [ntContainer#0-2] o.s.a.r.l.SimpleMessageListenerContainer : Successfully waited for workers to finish.
2026-03-18T16:12:39.934+05:30  INFO 648889 --- [analytics-service] [ntContainer#5-2] o.s.a.r.l.SimpleMessageListenerContainer : Waiting for workers to finish.
2026-03-18T16:12:39.936+05:30  INFO 648889 --- [analytics-service] [ntContainer#6-2] o.s.a.r.l.SimpleMessageListenerContainer : Waiting for workers to finish.
2026-03-18T16:12:39.938+05:30  INFO 648889 --- [analytics-service] [ntContainer#7-2] o.s.a.r.l.SimpleMessageListenerContainer : Waiting for workers to finish.
2026-03-18T16:12:39.939+05:30  INFO 648889 --- [analytics-service] [ntContainer#8-2] o.s.a.r.l.SimpleMessageListenerContainer : Waiting for workers to finish.
2026-03-18T16:12:39.942+05:30  INFO 648889 --- [analytics-service] [ntContainer#9-2] o.s.a.r.l.SimpleMessageListenerContainer : Waiting for workers to finish.
2026-03-18T16:12:40.759+05:30  INFO 648889 --- [analytics-service] [ntContainer#1-2] o.s.a.r.l.SimpleMessageListenerContainer : Successfully waited for workers to finish.
2026-03-18T16:12:40.766+05:30  INFO 648889 --- [analytics-service] [ntContainer#2-2] o.s.a.r.l.SimpleMessageListenerContainer : Successfully waited for workers to finish.
2026-03-18T16:12:40.767+05:30  INFO 648889 --- [analytics-service] [ntContainer#3-2] o.s.a.r.l.SimpleMessageListenerContainer : Successfully waited for workers to finish.
2026-03-18T16:12:40.769+05:30  INFO 648889 --- [analytics-service] [ntContainer#5-2] o.s.a.r.l.SimpleMessageListenerContainer : Successfully waited for workers to finish.
2026-03-18T16:12:40.770+05:30  INFO 648889 --- [analytics-service] [ntContainer#4-2] o.s.a.r.l.SimpleMessageListenerContainer : Successfully waited for workers to finish.
2026-03-18T16:12:40.778+05:30  INFO 648889 --- [analytics-service] [ntContainer#6-2] o.s.a.r.l.SimpleMessageListenerContainer : Successfully waited for workers to finish.
2026-03-18T16:12:40.788+05:30  INFO 648889 --- [analytics-service] [ntContainer#8-2] o.s.a.r.l.SimpleMessageListenerContainer : Successfully waited for workers to finish.
2026-03-18T16:12:40.789+05:30  INFO 648889 --- [analytics-service] [ntContainer#7-2] o.s.a.r.l.SimpleMessageListenerContainer : Successfully waited for workers to finish.
2026-03-18T16:12:40.805+05:30  INFO 648889 --- [analytics-service] [ntContainer#9-2] o.s.a.r.l.SimpleMessageListenerContainer : Successfully waited for workers to finish.
2026-03-18T16:12:40.941+05:30  INFO 648889 --- [analytics-service] [ionShutdownHook] j.LocalContainerEntityManagerFactoryBean : Closing JPA EntityManagerFactory for persistence unit 'default'
2026-03-18T16:12:40.944+05:30  INFO 648889 --- [analytics-service] [ionShutdownHook] com.zaxxer.hikari.HikariDataSource       : HikariPool-1 - Shutdown initiated...
2026-03-18T16:12:40.949+05:30  INFO 648889 --- [analytics-service] [ionShutdownHook] com.zaxxer.hikari.HikariDataSource       : HikariPool-1 - Shutdown completed.
