
  .   ____          _            __ _ _
 /\\ / ___'_ __ _ _(_)_ __  __ _ \ \ \ \
( ( )\___ | '_ | '_| | '_ \/ _` | \ \ \ \
 \\/  ___)| |_)| | | | | || (_| |  ) ) ) )
  '  |____| .__|_| |_|_| |_\__, | / / / /
 =========|_|==============|___/=/_/_/_/
 :: Spring Boot ::                (v3.2.3)

2026-03-18T16:02:37.059+05:30  INFO 648881 --- [auth-service] [           main] com.decp.auth.AuthServiceApplication     : Starting AuthServiceApplication v1.0.0-SNAPSHOT using Java 21.0.10 with PID 648881 (/media/snake/NewVolume/ACA/sem7/CO528/mini project/new/uop-decp-microservices/backend/auth-service/target/auth-service-1.0.0-SNAPSHOT.jar started by snake in /media/snake/NewVolume/ACA/sem7/CO528/mini project/new/uop-decp-microservices)
2026-03-18T16:02:37.082+05:30  INFO 648881 --- [auth-service] [           main] com.decp.auth.AuthServiceApplication     : No active profile set, falling back to 1 default profile: "default"
2026-03-18T16:02:40.491+05:30  INFO 648881 --- [auth-service] [           main] o.s.b.w.embedded.tomcat.TomcatWebServer  : Tomcat initialized with port 8081 (http)
2026-03-18T16:02:40.504+05:30  INFO 648881 --- [auth-service] [           main] o.apache.catalina.core.StandardService   : Starting service [Tomcat]
2026-03-18T16:02:40.504+05:30  INFO 648881 --- [auth-service] [           main] o.apache.catalina.core.StandardEngine    : Starting Servlet engine: [Apache Tomcat/10.1.19]
2026-03-18T16:02:40.548+05:30  INFO 648881 --- [auth-service] [           main] o.a.c.c.C.[Tomcat].[localhost].[/]       : Initializing Spring embedded WebApplicationContext
2026-03-18T16:02:40.555+05:30  INFO 648881 --- [auth-service] [           main] w.s.c.ServletWebServerApplicationContext : Root WebApplicationContext: initialization completed in 3276 ms
2026-03-18T16:02:41.143+05:30  WARN 648881 --- [auth-service] [           main] .s.s.UserDetailsServiceAutoConfiguration : 

Using generated security password: 6e3065cf-bd87-403c-a2cd-677a5f25ec63

This generated password is for development use only. Your security configuration must be updated before running your application in production.

2026-03-18T16:02:41.928+05:30  INFO 648881 --- [auth-service] [           main] o.s.s.web.DefaultSecurityFilterChain     : Will secure any request with [org.springframework.security.web.session.DisableEncodeUrlFilter@60cb1ed6, org.springframework.security.web.context.request.async.WebAsyncManagerIntegrationFilter@1e5eb20a, org.springframework.security.web.context.SecurityContextHolderFilter@7fda2001, org.springframework.security.web.header.HeaderWriterFilter@715a70e9, org.springframework.web.filter.CorsFilter@4538856f, org.springframework.security.web.authentication.logout.LogoutFilter@ee8e7ff, org.springframework.security.web.savedrequest.RequestCacheAwareFilter@21ae657b, org.springframework.security.web.servletapi.SecurityContextHolderAwareRequestFilter@799f916e, org.springframework.security.web.authentication.AnonymousAuthenticationFilter@4c3de38e, org.springframework.security.web.session.SessionManagementFilter@5ff6dd3c, org.springframework.security.web.access.ExceptionTranslationFilter@5d7d8613, org.springframework.security.web.access.intercept.AuthorizationFilter@67332b1e]
2026-03-18T16:02:42.764+05:30  WARN 648881 --- [auth-service] [           main] ConfigServletWebServerApplicationContext : Exception encountered during context initialization - cancelling refresh attempt: org.springframework.context.ApplicationContextException: Failed to start bean 'webServerStartStop'
2026-03-18T16:02:42.828+05:30  INFO 648881 --- [auth-service] [           m2026-03-18T16:06:08.057+05:30  INFO 648521 --- [auth-service] [nio-8081-exec-2] o.a.c.c.C.[Tomcat].[localhost].[/]       : Initializing Spring DispatcherServlet 'dispatcherServlet'
2026-03-18T16:06:08.057+05:30  INFO 648521 --- [auth-service] [nio-8081-exec-2] o.s.web.servlet.DispatcherServlet        : Initializing Servlet 'dispatcherServlet'
2026-03-18T16:06:08.058+05:30  INFO 648521 --- [auth-service] [nio-8081-exec-2] o.s.web.servlet.DispatcherServlet        : Completed initialization in 1 ms
s listening on port 8081 or configure this application to listen on another port.

