
  .   ____          _            __ _ _
 /\\ / ___'_ __ _ _(_)_ __  __ _ \ \ \ \
( ( )\___ | '_ | '_| | '_ \/ _` | \ \ \ \
 \\/  ___)| |_)| | | | | || (_| |  ) ) ) )
  '  |____| .__|_| |_|_| |_\__, | / / / /
 =========|_|==============|___/=/_/_/_/
 :: Spring Boot ::                (v3.2.3)

2026-03-18T16:02:37.798+05:30  INFO 648890 --- [mentorship-service] [           main] c.d.m.MentorshipServiceApplication       : Starting MentorshipServiceApplication v1.0.0-SNAPSHOT using Java 21.0.10 with PID 648890 (/media/snake/NewVolume/ACA/sem7/CO528/mini project/new/uop-decp-microservices/backend/mentorship-service/target/mentorship-service-1.0.0-SNAPSHOT.jar started by snake in /media/snake/NewVolume/ACA/sem7/CO528/mini project/new/uop-decp-microservices)
2026-03-18T16:02:37.803+05:30  INFO 648890 --- [mentorship-service] [           main] c.d.m.MentorshipServiceApplication       : No active profile set, falling back to 1 default profile: "default"
2026-03-18T16:02:42.465+05:30  INFO 648890 --- [mentorship-service] [           main] .s.d.r.c.RepositoryConfigurationDelegate : Multiple Spring Data modules found, entering strict repository configuration mode
2026-03-18T16:02:42.472+05:30  INFO 648890 --- [mentorship-service] [           main] .s.d.r.c.RepositoryConfigurationDelegate : Bootstrapping Spring Data JPA repositories in DEFAULT mode.
2026-03-18T16:02:43.015+05:30  INFO 648890 --- [mentorship-service] [           main] .s.d.r.c.RepositoryConfigurationDelegate : Finished Spring Data repository scanning in 517 ms. Found 4 JPA repository interfaces.
2026-03-18T16:02:43.074+05:30  INFO 648890 --- [mentorship-service] [           main] .s.d.r.c.RepositoryConfigurationDelegate : Multiple Spring Data modules found, entering strict repository configuration mode
2026-03-18T16:02:43.076+05:30  INFO 648890 --- [mentorship-service] [           main] .s.d.r.c.RepositoryConfigurationDelegate : Bootstrapping Spring Data Redis repositories in DEFAULT mode.
2026-03-18T16:02:43.130+05:30  INFO 648890 --- [mentorship-service] [           main] .RepositoryConfigurationExtensionSupport : Spring Data Redis - Could not safely identify store assignment for repository candidate interface com.decp.mentorship.repository.MentorshipFeedbackRepository; If you want this repository to be a Redis repository, consider annotating your entities with one of these annotations: org.springframework.data.redis.core.RedisHash (preferred), or consider extending one of the following types with your repository: org.springframework.data.keyvalue.repository.KeyValueRepository
2026-03-18T16:02:43.132+05:30  INFO 648890 --- [mentorship-service] [           main] .RepositoryConfigurationExtensionSupport : Spring Data Redis - Could not safely identify store assignment for repository candidate interface com.decp.mentorship.repository.MentorshipProfileRepository; If you want this repository to be a Redis repository, consider annotating your entities with one of these annotations: org.springframework.data.redis.core.RedisHash (preferred), or consider extending one of the following types with your repository: org.springframework.data.keyvalue.repository.KeyValueRepository
2026-03-18T16:02:43.133+05:30  INFO 648890 --- [mentorship-service] [           main] .RepositoryConfigurationExtensionSupport : Spring Data Redis - Could not safely identify store assignment for repository candidate interface com.decp.mentorship.repository.MentorshipRelationshipRepository; If you want this repository to be a Redis repository, consider annotating your entities with one of these annotations: org.springframework.data.redis.core.RedisHash (preferred), or consider extending one of the following types with your repository: org.springframework.data.keyvalue.repository.KeyValueRepository
2026-03-18T16:02:43.134+05:30  INFO 648890 --- [mentorship-service] [           main] .RepositoryConfigurationExtensionSupport : Spring Data Redis - Could not safely identify store assignment for repository candidate interface com.decp.mentorship.repository.MentorshipRequestRepository; If you want this repository to be a Redis repository, consider annotating your entities with one of these annotations: org.springframework.data.redis.core.RedisHash (preferred), or consider extending one of the following types with your repository: org.springframework.data.keyvalue.repository.KeyValueRepository
2026-03-18T16:02:43.134+05:30  INFO 648890 --- [mentorship-service] [           main] .s.d.r.c.RepositoryConfigurationDelegate : Finished Spring Data repository scanning in 25 ms. Found 0 Redis repository interfaces.
2026-03-18T16:02:45.315+05:30  INFO 648890 --- [mentorship-service] [           main] o.s.b.w.embedded.tomcat.TomcatWebServer  : Tomcat initialized with port 8090 (http)
2026-03-18T16:02:45.390+05:30  INFO 648890 --- [mentorship-service] [           main] o.apache.catalina.core.StandardService   : Starting service [Tomcat]
2026-03-18T16:02:45.394+05:30  INFO 648890 --- [mentorship-service] [           main] o.apache.catalina.core.StandardEngine    : Starting Servlet engine: [Apache Tomcat/10.1.19]
2026-03-18T16:02:45.608+05:30  INFO 648890 --- [mentorship-service] [           main] o.a.c.c.C.[Tomcat].[localhost].[/]       : Initializing Spring embedded WebApplicationContext
2026-03-18T16:02:45.619+05:30  INFO 648890 --- [mentorship-service] [           main] w.s.c.ServletWebServerApplicationContext : Root WebApplicationContext: initialization completed in 7614 ms
2026-03-18T16:02:46.454+05:30  INFO 648890 --- [mentorship-service] [           main] o.hibernate.jpa.internal.util.LogHelper  : HHH000204: Processing PersistenceUnitInfo [name: default]
2026-03-18T16:02:46.747+05:30  INFO 648890 --- [mentorship-service] [           main] org.hibernate.Version                    : HHH000412: Hibernate ORM core version 6.4.4.Final
2026-03-18T16:02:46.970+05:30  INFO 648890 --- [mentorship-service] [           main] o.h.c.internal.RegionFactoryInitiator    : HHH000026: Second-level cache disabled
2026-03-18T16:02:47.979+05:30  INFO 648890 --- [mentorship-service] [           main] o.s.o.j.p.SpringPersistenceUnitInfo      : No LoadTimeWeaver setup: ignoring JPA class transformer
2026-03-18T16:02:48.072+05:30  INFO 648890 --- [mentorship-service] [           main] com.zaxxer.hikari.HikariDataSource       : HikariPool-1 - Starting...
2026-03-18T16:02:49.195+05:30  INFO 648890 --- [mentorship-service] [           main] com.zaxxer.hikari.pool.HikariPool        : HikariPool-1 - Added connection org.postgresql.jdbc.PgConnection@761f234c
2026-03-18T16:02:49.201+05:30  INFO 648890 --- [mentorship-service] [           main] com.zaxxer.hikari.HikariDataSource       : HikariPool-1 - Start completed.
2026-03-18T16:02:49.291+05:30  WARN 648890 --- [mentorship-service] [           main] org.hibernate.orm.deprecation            : HHH90000025: PostgreSQLDialect does not need to be specified explicitly using 'hibernate.dialect' (remove the property setting and it will be selected by default)
2026-03-18T16:02:52.078+05:30  INFO 648890 --- [mentorship-service] [           main] o.h.e.t.j.p.i.JtaPlatformInitiator       : HHH000489: No JTA platform available (set 'hibernate.transaction.jta.platform' to enable JTA platform integration)
2026-03-18T16:02:52.255+05:30  INFO 648890 --- [mentorship-service] [           main] j.LocalContainerEntityManagerFactoryBean : Initialized JPA EntityManagerFactory for persistence unit 'default'
2026-03-18T16:02:54.041+05:30  INFO 648890 --- [mentorship-service] [           main] o.s.d.j.r.query.QueryEnhancerFactory     : Hibernate is in classpath; If applicable, HQL parser will be used.
2026-03-18T16:02:55.060+05:30  WARN 648890 --- [mentorship-service] [           main] JpaBaseConfiguration$JpaWebConfiguration : spring.jpa.open-in-view is enabled by default. Therefore, database queries may be performed during view rendering. Explicitly configure spring.jpa.open-in-view to disable this warning
2026-03-18T16:02:55.582+05:30  INFO 648890 --- [mentorship-service] [           main] o.s.b.w.embedded.tomcat.TomcatWebServer  : Tomcat started on port 8090 (http) with context path ''
2026-03-18T16:02:55.589+05:30  INFO 648890 --- [mentorship-service] [           main] c.d.m.MentorshipServiceApplication       : Started MentorshipServiceApplication in 19.688 seconds (process running for 22.193)
2026-03-18T16:06:18.496+05:30  INFO 648890 --- [mentorship-service] [nio-8090-exec-2] o.a.c.c.C.[Tomcat].[localhost].[/]       : Initializing Spring DispatcherServlet 'dispatcherServlet'
2026-03-18T16:06:18.496+05:30  INFO 648890 --- [mentorship-service] [nio-8090-exec-2] o.s.web.servlet.DispatcherServlet        : Initializing Servlet 'dispatcherServlet'
2026-03-18T16:06:18.497+05:30  INFO 648890 --- [mentorship-service] [nio-8090-exec-2] o.s.web.servlet.DispatcherServlet        : Completed initialization in 1 ms
2026-03-18T16:12:39.980+05:30  INFO 648890 --- [mentorship-service] [ionShutdownHook] j.LocalContainerEntityManagerFactoryBean : Closing JPA EntityManagerFactory for persistence unit 'default'
2026-03-18T16:12:39.982+05:30  INFO 648890 --- [mentorship-service] [ionShutdownHook] com.zaxxer.hikari.HikariDataSource       : HikariPool-1 - Shutdown initiated...
2026-03-18T16:12:39.984+05:30  INFO 648890 --- [mentorship-service] [ionShutdownHook] com.zaxxer.hikari.HikariDataSource       : HikariPool-1 - Shutdown completed.
