
  .   ____          _            __ _ _
 /\\ / ___'_ __ _ _(_)_ __  __ _ \ \ \ \
( ( )\___ | '_ | '_| | '_ \/ _` | \ \ \ \
 \\/  ___)| |_)| | | | | || (_| |  ) ) ) )
  '  |____| .__|_| |_|_| |_\__, | / / / /
 =========|_|==============|___/=/_/_/_/
 :: Spring Boot ::                (v3.2.3)

2026-03-18T16:02:38.097+05:30  INFO 648887 --- [messaging-service] [           main] c.d.m.MessagingServiceApplication        : Starting MessagingServiceApplication v1.0.0-SNAPSHOT using Java 21.0.10 with PID 648887 (/media/snake/NewVolume/ACA/sem7/CO528/mini project/new/uop-decp-microservices/backend/messaging-service/target/messaging-service-1.0.0-SNAPSHOT.jar started by snake in /media/snake/NewVolume/ACA/sem7/CO528/mini project/new/uop-decp-microservices)
2026-03-18T16:02:38.110+05:30  INFO 648887 --- [messaging-service] [           main] c.d.m.MessagingServiceApplication        : No active profile set, falling back to 1 default profile: "default"
2026-03-18T16:02:43.211+05:30  INFO 648887 --- [messaging-service] [           main] .s.d.r.c.RepositoryConfigurationDelegate : Multiple Spring Data modules found, entering strict repository configuration mode
2026-03-18T16:02:43.219+05:30  INFO 648887 --- [messaging-service] [           main] .s.d.r.c.RepositoryConfigurationDelegate : Bootstrapping Spring Data MongoDB repositories in DEFAULT mode.
2026-03-18T16:02:43.937+05:30  INFO 648887 --- [messaging-service] [           main] .s.d.r.c.RepositoryConfigurationDelegate : Finished Spring Data repository scanning in 705 ms. Found 2 MongoDB repository interfaces.
2026-03-18T16:02:44.036+05:30  INFO 648887 --- [messaging-service] [           main] .s.d.r.c.RepositoryConfigurationDelegate : Multiple Spring Data modules found, entering strict repository configuration mode
2026-03-18T16:02:44.051+05:30  INFO 648887 --- [messaging-service] [           main] .s.d.r.c.RepositoryConfigurationDelegate : Bootstrapping Spring Data Redis repositories in DEFAULT mode.
2026-03-18T16:02:44.137+05:30  INFO 648887 --- [messaging-service] [           main] .RepositoryConfigurationExtensionSupport : Spring Data Redis - Could not safely identify store assignment for repository candidate interface com.decp.messaging.repository.ConversationRepository; If you want this repository to be a Redis repository, consider annotating your entities with one of these annotations: org.springframework.data.redis.core.RedisHash (preferred), or consider extending one of the following types with your repository: org.springframework.data.keyvalue.repository.KeyValueRepository
2026-03-18T16:02:44.146+05:30  INFO 648887 --- [messaging-service] [           main] .RepositoryConfigurationExtensionSupport : Spring Data Redis - Could not safely identify store assignment for repository candidate interface com.decp.messaging.repository.MessageRepository; If you want this repository to be a Redis repository, consider annotating your entities with one of these annotations: org.springframework.data.redis.core.RedisHash (preferred), or consider extending one of the following types with your repository: org.springframework.data.keyvalue.repository.KeyValueRepository
2026-03-18T16:02:44.154+05:30  INFO 648887 --- [messaging-service] [           main] .s.d.r.c.RepositoryConfigurationDelegate : Finished Spring Data repository scanning in 52 ms. Found 0 Redis repository interfaces.
2026-03-18T16:02:46.141+05:30  INFO 648887 --- [messaging-service] [           main] o.s.b.w.embedded.tomcat.TomcatWebServer  : Tomcat initialized with port 8087 (http)
2026-03-18T16:02:46.175+05:30  INFO 648887 --- [messaging-service] [           main] o.apache.catalina.core.StandardService   : Starting service [Tomcat]
2026-03-18T16:02:46.178+05:30  INFO 648887 --- [messaging-service] [           main] o.apache.catalina.core.StandardEngine    : Starting Servlet engine: [Apache Tomcat/10.1.19]
2026-03-18T16:02:46.326+05:30  INFO 648887 --- [messaging-service] [           main] o.a.c.c.C.[Tomcat].[localhost].[/]       : Initializing Spring embedded WebApplicationContext
2026-03-18T16:02:46.331+05:30  INFO 648887 --- [messaging-service] [           main] w.s.c.ServletWebServerApplicationContext : Root WebApplicationContext: initialization completed in 7766 ms
2026-03-18T16:02:47.280+05:30  INFO 648887 --- [messaging-service] [           main] org.mongodb.driver.client                : MongoClient with metadata {"driver": {"name": "mongo-java-driver|sync|spring-boot", "version": "4.11.1"}, "os": {"type": "Linux", "name": "Linux", "architecture": "amd64", "version": "6.17.0-14-generic"}, "platform": "Java/Ubuntu/21.0.10+7-Ubuntu-124.04"} created with settings MongoClientSettings{readPreference=primary, writeConcern=WriteConcern{w=null, wTimeout=null ms, journal=null}, retryWrites=true, retryReads=true, readConcern=ReadConcern{level=null}, credential=MongoCredential{mechanism=null, userName='admin', source='admin', password=<hidden>, mechanismProperties=<hidden>}, transportSettings=null, streamFactoryFactory=null, commandListeners=[], codecRegistry=ProvidersCodecRegistry{codecProviders=[ValueCodecProvider{}, BsonValueCodecProvider{}, DBRefCodecProvider{}, DBObjectCodecProvider{}, DocumentCodecProvider{}, CollectionCodecProvider{}, IterableCodecProvider{}, MapCodecProvider{}, GeoJsonCodecProvider{}, GridFSFileCodecProvider{}, Jsr310CodecProvider{}, JsonObjectCodecProvider{}, BsonCodecProvider{}, EnumCodecProvider{}, com.mongodb.client.model.mql.ExpressionCodecProvider@30bbcf91, com.mongodb.Jep395RecordCodecProvider@3ca14cf4, com.mongodb.KotlinCodecProvider@1f4f0fcc]}, loggerSettings=LoggerSettings{maxDocumentLength=1000}, clusterSettings={hosts=[localhost:27018], srvServiceName=mongodb, mode=SINGLE, requiredClusterType=UNKNOWN, requiredReplicaSetName='null', serverSelector='null', clusterListeners='[]', serverSelectionTimeout='30000 ms', localThreshold='15 ms'}, socketSettings=SocketSettings{connectTimeoutMS=10000, readTimeoutMS=0, receiveBufferSize=0, proxySettings=ProxySettings{host=null, port=null, username=null, password=null}}, heartbeatSocketSettings=SocketSettings{connectTimeoutMS=10000, readTimeoutMS=10000, receiveBufferSize=0, proxySettings=ProxySettings{host=null, port=null, username=null, password=null}}, connectionPoolSettings=ConnectionPoolSettings{maxSize=100, minSize=0, maxWaitTimeMS=120000, maxConnectionLifeTimeMS=0, maxConnectionIdleTimeMS=0, maintenanceInitialDelayMS=0, maintenanceFrequencyMS=60000, connectionPoolListeners=[], maxConnecting=2}, serverSettings=ServerSettings{heartbeatFrequencyMS=10000, minHeartbeatFrequencyMS=500, serverListeners='[]', serverMonitorListeners='[]'}, sslSettings=SslSettings{enabled=false, invalidHostNameAllowed=false, context=null}, applicationName='null', compressorList=[], uuidRepresentation=JAVA_LEGACY, serverApi=null, autoEncryptionSettings=null, dnsClient=null, inetAddressResolver=null, contextProvider=null}
2026-03-18T16:02:47.348+05:30  INFO 648887 --- [messaging-service] [localhost:27018] org.mongodb.driver.cluster               : Monitor thread successfully connected to server with description ServerDescription{address=localhost:27018, type=STANDALONE, state=CONNECTED, ok=true, minWireVersion=0, maxWireVersion=17, maxDocumentSize=16777216, logicalSessionTimeoutMinutes=30, roundTripTimeNanos=72538034}
2026-03-18T16:02:51.503+05:30  INFO 648887 --- [messaging-service] [           main] o.s.b.w.embedded.tomcat.TomcatWebServer  : Tomcat started on port 8087 (http) with context path ''
2026-03-18T16:02:51.507+05:30  INFO 648887 --- [messaging-service] [           main] o.s.m.s.b.SimpleBrokerMessageHandler     : Starting...
2026-03-18T16:02:51.509+05:30  INFO 648887 --- [messaging-service] [           main] o.s.m.s.b.SimpleBrokerMessageHandler     : BrokerAvailabilityEvent[available=true, SimpleBrokerMessageHandler [org.springframework.messaging.simp.broker.DefaultSubscriptionRegistry@433b1597]]
2026-03-18T16:02:51.510+05:30  INFO 648887 --- [messaging-service] [           main] o.s.m.s.b.SimpleBrokerMessageHandler     : Started.
2026-03-18T16:02:51.530+05:30  INFO 648887 --- [messaging-service] [           main] c.d.m.MessagingServiceApplication        : Started MessagingServiceApplication in 15.426 seconds (process running for 18.138)
2026-03-18T16:03:51.453+05:30  INFO 648887 --- [messaging-service] [MessageBroker-1] o.s.w.s.c.WebSocketMessageBrokerStats    : WebSocketSession[0 current WS(0)-HttpStream(0)-HttpPoll(0), 0 total, 0 closed abnormally (0 connect failure, 0 send limit, 0 transport error)], stompSubProtocol[processed CONNECT(0)-CONNECTED(0)-DISCONNECT(0)], stompBrokerRelay[null], inboundChannel[pool size = 0, active threads = 0, queued tasks = 0, completed tasks = 0], outboundChannel[pool size = 0, active threads = 0, queued tasks = 0, completed tasks = 0], sockJsScheduler[pool size = 1, active threads = 1, queued tasks = 0, completed tasks = 0]
2026-03-18T16:05:55.945+05:30  INFO 648887 --- [messaging-service] [nio-8087-exec-2] o.a.c.c.C.[Tomcat].[localhost].[/]       : Initializing Spring DispatcherServlet 'dispatcherServlet'
2026-03-18T16:05:55.945+05:30  INFO 648887 --- [messaging-service] [nio-8087-exec-2] o.s.web.servlet.DispatcherServlet        : Initializing Servlet 'dispatcherServlet'
2026-03-18T16:05:55.947+05:30  INFO 648887 --- [messaging-service] [nio-8087-exec-2] o.s.web.servlet.DispatcherServlet        : Completed initialization in 1 ms
2026-03-18T16:12:39.921+05:30  INFO 648887 --- [messaging-service] [ionShutdownHook] o.s.m.s.b.SimpleBrokerMessageHandler     : Stopping...
2026-03-18T16:12:39.922+05:30  INFO 648887 --- [messaging-service] [ionShutdownHook] o.s.m.s.b.SimpleBrokerMessageHandler     : BrokerAvailabilityEvent[available=false, SimpleBrokerMessageHandler [org.springframework.messaging.simp.broker.DefaultSubscriptionRegistry@433b1597]]
2026-03-18T16:12:39.927+05:30  INFO 648887 --- [messaging-service] [ionShutdownHook] o.s.m.s.b.SimpleBrokerMessageHandler     : Stopped.
